  stdafx.cpp
  cMapTool.cpp
  iMap.cpp
  Dx3D.cpp
  cUITextView.cpp
c:\users\sdw\desktop\새 폴더\sga\암네시아\2017-09-01_amnesia\dx3d\cuitextview.cpp(20): warning C4244: '=': 'float'에서 'LONG'(으)로 변환하면서 데이터가 손실될 수 있습니다.
c:\users\sdw\desktop\새 폴더\sga\암네시아\2017-09-01_amnesia\dx3d\cuitextview.cpp(21): warning C4244: '=': 'float'에서 'LONG'(으)로 변환하면서 데이터가 손실될 수 있습니다.
c:\users\sdw\desktop\새 폴더\sga\암네시아\2017-09-01_amnesia\dx3d\cuitextview.cpp(22): warning C4244: '=': 'float'에서 'LONG'(으)로 변환하면서 데이터가 손실될 수 있습니다.
c:\users\sdw\desktop\새 폴더\sga\암네시아\2017-09-01_amnesia\dx3d\cuitextview.cpp(23): warning C4244: '=': 'float'에서 'LONG'(으)로 변환하면서 데이터가 손실될 수 있습니다.
  cUIObject.cpp
c:\users\sdw\desktop\새 폴더\sga\암네시아\2017-09-01_amnesia\dx3d\cuiobject.cpp(63): warning C4244: '=': 'float'에서 'LONG'(으)로 변환하면서 데이터가 손실될 수 있습니다.
c:\users\sdw\desktop\새 폴더\sga\암네시아\2017-09-01_amnesia\dx3d\cuiobject.cpp(64): warning C4244: '=': 'float'에서 'LONG'(으)로 변환하면서 데이터가 손실될 수 있습니다.
c:\users\sdw\desktop\새 폴더\sga\암네시아\2017-09-01_amnesia\dx3d\cuiobject.cpp(65): warning C4244: '=': 'float'에서 'LONG'(으)로 변환하면서 데이터가 손실될 수 있습니다.
c:\users\sdw\desktop\새 폴더\sga\암네시아\2017-09-01_amnesia\dx3d\cuiobject.cpp(66): warning C4244: '=': 'float'에서 'LONG'(으)로 변환하면서 데이터가 손실될 수 있습니다.
  cUIImageView.cpp
  cUIButton.cpp
c:\users\sdw\desktop\새 폴더\sga\암네시아\2017-09-01_amnesia\dx3d\cuibutton.cpp(23): warning C4244: '=': 'UINT'에서 'float'(으)로 변환하면서 데이터가 손실될 수 있습니다.
c:\users\sdw\desktop\새 폴더\sga\암네시아\2017-09-01_amnesia\dx3d\cuibutton.cpp(24): warning C4244: '=': 'UINT'에서 'float'(으)로 변환하면서 데이터가 손실될 수 있습니다.
  cTimeManager.cpp
  cTextureManager.cpp
  cSkinnedMeshManager.cpp
  cSkinnedMesh.cpp
  cRay.cpp
  cPyramid.cpp
  cObjMap.cpp
  cObjLoader.cpp
c:\users\sdw\desktop\새 폴더\sga\암네시아\2017-09-01_amnesia\dx3d\cobjloader.cpp(277): warning C4267: '=': 'size_t'에서 'WORD'(으)로 변환하면서 데이터가 손실될 수 있습니다.
  cObjectPool.cpp
  cObject.cpp
  cMtlTex.cpp
  cMain_admin.cpp
  cMainGame.cpp
  코드를 생성하고 있습니다...
c:\users\sdw\desktop\새 폴더\sga\암네시아\2017-09-01_amnesia\dx3d\cobjloader.cpp(300): warning C4715: 'cObjLoader::LoadMesh': 모든 제어 경로에서 값을 반환하지는 않습니다.
  컴파일하고 있습니다...
  cLerp.cpp
c:\users\sdw\desktop\새 폴더\sga\암네시아\2017-09-01_amnesia\dx3d\clerp.cpp(25): warning C4244: '인수': 'int'에서 'FLOAT'(으)로 변환하면서 데이터가 손실될 수 있습니다.
  cHeightMap.cpp
c:\users\sdw\desktop\새 폴더\sga\암네시아\2017-09-01_amnesia\dx3d\cheightmap.cpp(48): warning C4244: '인수': 'int'에서 'FLOAT'(으)로 변환하면서 데이터가 손실될 수 있습니다.
c:\users\sdw\desktop\새 폴더\sga\암네시아\2017-09-01_amnesia\dx3d\cheightmap.cpp(152): warning C4244: '초기화 중': 'float'에서 'int'(으)로 변환하면서 데이터가 손실될 수 있습니다.
c:\users\sdw\desktop\새 폴더\sga\암네시아\2017-09-01_amnesia\dx3d\cheightmap.cpp(153): warning C4244: '초기화 중': 'float'에서 'int'(으)로 변환하면서 데이터가 손실될 수 있습니다.
  cGroup.cpp
  cGrid.cpp
  cGameObject.cpp
  cFrustum.cpp
  cFrame.cpp
  cFontManager.cpp
  cDeviceManager.cpp
  cCube.cpp
  cCrtCtrl.cpp
  cCamera.cpp
  cAutoReleasePool.cpp
  cGridNode.cpp
  cAStar.cpp
  cAseLoader.cpp
  cAllocateHierarchy.cpp
c:\users\sdw\desktop\새 폴더\sga\암네시아\2017-09-01_amnesia\dx3d\callocatehierarchy.cpp(20): warning C4316: 'ST_BONE': 힙에 할당된 개체가 16에 맞추어져 있지 않을 수도 있습니다
c:\users\sdw\desktop\새 폴더\sga\암네시아\2017-09-01_amnesia\dx3d\callocatehierarchy.cpp(27): warning C4996: 'strcpy': This function or variable may be unsafe. Consider using strcpy_s instead. To disable deprecation, use _CRT_SECURE_NO_WARNINGS. See online help for details.
  c:\program files (x86)\windows kits\10\include\10.0.10240.0\ucrt\string.h(119): note: 'strcpy' 선언을 참조하십시오.
  cActionSeq.cpp
c:\users\sdw\desktop\새 폴더\sga\암네시아\2017-09-01_amnesia\dx3d\cactionseq.cpp(40): warning C4018: '>=': signed 또는 unsigned가 일치하지 않습니다.
c:\users\sdw\desktop\새 폴더\sga\암네시아\2017-09-01_amnesia\dx3d\cactionseq.cpp(47): warning C4018: '<': signed 또는 unsigned가 일치하지 않습니다.
  cActionRepeat.cpp
  cActionMove.cpp
  코드를 생성하고 있습니다...
  컴파일하고 있습니다...
  cAction.cpp
  코드를 생성하고 있습니다...
  Dx3D.vcxproj -> C:\Users\SDW\Desktop\새 폴더\SGA\암네시아\2017-09-01_Amnesia\Debug\Dx3D.exe
  Dx3D.vcxproj -> C:\Users\SDW\Desktop\새 폴더\SGA\암네시아\2017-09-01_Amnesia\Debug\Dx3D.pdb (Partial PDB)
