D:\1704기 (국기) - 17년 1기\BST\BST\DEBUG\BST.EXE.EMBED.MANIFEST
D:\1704기 (국기) - 17년 1기\BST\BST\DEBUG\BST.EXE.EMBED.MANIFEST.RES
D:\1704기 (국기) - 17년 1기\BST\BST\DEBUG\BST.EXE.INTERMEDIATE.MANIFEST
D:\1704기 (국기) - 17년 1기\BST\BST\DEBUG\BST.OBJ
D:\1704기 (국기) - 17년 1기\BST\BST\DEBUG\BST.PCH
D:\1704기 (국기) - 17년 1기\BST\BST\Debug\BST.write.1.tlog
D:\1704기 (국기) - 17년 1기\BST\BST\Debug\BST_manifest.rc
D:\1704기 (국기) - 17년 1기\BST\BST\DEBUG\CBST.OBJ
D:\1704기 (국기) - 17년 1기\BST\BST\Debug\cl.command.1.tlog
D:\1704기 (국기) - 17년 1기\BST\BST\Debug\CL.read.1.tlog
D:\1704기 (국기) - 17년 1기\BST\BST\Debug\CL.write.1.tlog
D:\1704기 (국기) - 17년 1기\BST\BST\DEBUG\CNODE.OBJ
D:\1704기 (국기) - 17년 1기\BST\BST\Debug\link.5468.read.1.tlog
D:\1704기 (국기) - 17년 1기\BST\BST\Debug\link.5468.write.1.tlog
D:\1704기 (국기) - 17년 1기\BST\BST\Debug\link.5468-cvtres.read.1.tlog
D:\1704기 (국기) - 17년 1기\BST\BST\Debug\link.5468-cvtres.write.1.tlog
D:\1704기 (국기) - 17년 1기\BST\BST\Debug\link.command.1.tlog
D:\1704기 (국기) - 17년 1기\BST\BST\Debug\link.read.1.tlog
D:\1704기 (국기) - 17년 1기\BST\BST\Debug\link.write.1.tlog
D:\1704기 (국기) - 17년 1기\BST\BST\Debug\link-cvtres.read.1.tlog
D:\1704기 (국기) - 17년 1기\BST\BST\Debug\link-cvtres.write.1.tlog
D:\1704기 (국기) - 17년 1기\BST\BST\Debug\mt.command.1.tlog
D:\1704기 (국기) - 17년 1기\BST\BST\Debug\mt.read.1.tlog
D:\1704기 (국기) - 17년 1기\BST\BST\Debug\mt.write.1.tlog
D:\1704기 (국기) - 17년 1기\BST\BST\Debug\rc.command.1.tlog
D:\1704기 (국기) - 17년 1기\BST\BST\Debug\rc.read.1.tlog
D:\1704기 (국기) - 17년 1기\BST\BST\Debug\rc.write.1.tlog
D:\1704기 (국기) - 17년 1기\BST\BST\DEBUG\STDAFX.OBJ
D:\1704기 (국기) - 17년 1기\BST\BST\Debug\vc100.idb
D:\1704기 (국기) - 17년 1기\BST\BST\DEBUG\VC100.PDB
D:\1704기 (국기) - 17년 1기\BST\DEBUG\BST.EXE
D:\1704기 (국기) - 17년 1기\BST\DEBUG\BST.ILK
D:\1704기 (국기) - 17년 1기\BST\DEBUG\BST.PDB
